<?xml version="1.0" encoding="UTF-8"?>
<!-- Generated by org.testng.reporters.JUnitXMLReporter -->
<testsuite hostname="kavin" ignored="0" name="GoogleTest" tests="1" failures="1" timestamp="16 Feb 2023 15:02:59 GMT" time="63.111" errors="0">
  <testcase name="verifyGooglePage" time="63.026" classname="a1_googleTest.A1_GoogleTest">
    <failure type="java.io.FileNotFoundException" message="C:\Batch251\J1_GitHubTest\screenshot.google.png (The system cannot find the path specified)">
      <![CDATA[java.io.FileNotFoundException: C:\Batch251\J1_GitHubTest\screenshot.google.png (The system cannot find the path specified)
at java.io.FileOutputStream.open0(Native Method)
at java.io.FileOutputStream.open(FileOutputStream.java:270)
at java.io.FileOutputStream.<init>(FileOutputStream.java:213)
at java.io.FileOutputStream.<init>(FileOutputStream.java:162)
at org.openqa.selenium.io.FileHandler.copyFile(FileHandler.java:136)
at org.openqa.selenium.io.FileHandler.copy(FileHandler.java:115)
at a1_googleTest.A1_GoogleTest.verifyGooglePage(A1_GoogleTest.java:27)
... Removed 25 stack frames]]>
    </failure>
  </testcase> <!-- verifyGooglePage -->
</testsuite> <!-- GoogleTest -->
